# JRE version: OpenJDK Runtime Environment (17.0.10) (build 17.0.10+0--11572160)
# Java VM: OpenJDK 64-Bit Server VM (17.0.10+0--11572160, mixed mode, tiered, compressed oops, compressed class ptrs, g1 gc, windows-amd64)
GC Precious Log:
 CPUs: 8 total, 8 available
 Memory: 16083M
 Large Page Support: Disabled
 NUMA Support: Disabled
 Compressed Oops: Enabled (Zero based)
 Heap Region Size: 2M
 Heap Min Capacity: 8M
 Heap Initial Capacity: 252M
 Heap Max Capacity: 4022M
 Pre-touch: Disabled
 Parallel Workers: 8
 Concurrent Workers: 2
 Concurrent Refinement Workers: 8
 Periodic GC: Disabled
Heap:
 garbage-first heap   total 258048K, used 125077K [0x0000000704a00000, 0x0000000800000000)
  region size 2048K, 2 young (4096K), 2 survivors (4096K)
 Metaspace       used 65821K, committed 66112K, reserved 1114112K
  class space    used 7306K, committed 7424K, reserved 1048576K
GC Heap History (20 events):
Event: 6.350 GC heap after
{Heap after GC invocations=26 (full 0):
 garbage-first heap   total 231424K, used 82644K [0x0000000704a00000, 0x0000000800000000)
  region size 2048K, 1 young (2048K), 1 survivors (2048K)
 Metaspace       used 57372K, committed 57664K, reserved 1114112K
  class space    used 6679K, committed 6784K, reserved 1048576K
}
Event: 6.637 GC heap before
{Heap before GC invocations=26 (full 0):
 garbage-first heap   total 231424K, used 162516K [0x0000000704a00000, 0x0000000800000000)
  region size 2048K, 40 young (81920K), 1 survivors (2048K)
 Metaspace       used 57592K, committed 57856K, reserved 1114112K
  class space    used 6694K, committed 6784K, reserved 1048576K
}
Event: 6.648 GC heap after
{Heap after GC invocations=27 (full 0):
 garbage-first heap   total 231424K, used 93799K [0x0000000704a00000, 0x0000000800000000)
  region size 2048K, 5 young (10240K), 5 survivors (10240K)
 Metaspace       used 57592K, committed 57856K, reserved 1114112K
  class space    used 6694K, committed 6784K, reserved 1048576K
}
Event: 6.735 GC heap before
{Heap before GC invocations=27 (full 0):
 garbage-first heap   total 231424K, used 163431K [0x0000000704a00000, 0x0000000800000000)
  region size 2048K, 39 young (79872K), 5 survivors (10240K)
 Metaspace       used 57596K, committed 57856K, reserved 1114112K
  class space    used 6694K, committed 6784K, reserved 1048576K
}
Event: 6.740 GC heap after
{Heap after GC invocations=28 (full 0):
 garbage-first heap   total 231424K, used 95183K [0x0000000704a00000, 0x0000000800000000)
  region size 2048K, 1 young (2048K), 1 survivors (2048K)
 Metaspace       used 57596K, committed 57856K, reserved 1114112K
  class space    used 6694K, committed 6784K, reserved 1048576K
}
Event: 6.842 GC heap before
{Heap before GC invocations=28 (full 0):
 garbage-first heap   total 231424K, used 170959K [0x0000000704a00000, 0x0000000800000000)
  region size 2048K, 38 young (77824K), 1 survivors (2048K)
 Metaspace       used 57599K, committed 57856K, reserved 1114112K
  class space    used 6694K, committed 6784K, reserved 1048576K
}
Event: 6.843 GC heap after
{Heap after GC invocations=29 (full 0):
 garbage-first heap   total 231424K, used 94150K [0x0000000704a00000, 0x0000000800000000)
  region size 2048K, 1 young (2048K), 1 survivors (2048K)
 Metaspace       used 57599K, committed 57856K, reserved 1114112K
  class space    used 6694K, committed 6784K, reserved 1048576K
}
Event: 6.924 GC heap before
{Heap before GC invocations=29 (full 0):
 garbage-first heap   total 231424K, used 178118K [0x0000000704a00000, 0x0000000800000000)
  region size 2048K, 42 young (86016K), 1 survivors (2048K)
 Metaspace       used 57605K, committed 57856K, reserved 1114112K
  class space    used 6694K, committed 6784K, reserved 1048576K
}
Event: 6.925 GC heap after
{Heap after GC invocations=30 (full 0):
 garbage-first heap   total 231424K, used 94012K [0x0000000704a00000, 0x0000000800000000)
  region size 2048K, 1 young (2048K), 1 survivors (2048K)
 Metaspace       used 57605K, committed 57856K, reserved 1114112K
  class space    used 6694K, committed 6784K, reserved 1048576K
}
Event: 10.470 GC heap before
{Heap before GC invocations=30 (full 0):
 garbage-first heap   total 231424K, used 184124K [0x0000000704a00000, 0x0000000800000000)
  region size 2048K, 45 young (92160K), 1 survivors (2048K)
 Metaspace       used 63454K, committed 63680K, reserved 1114112K
  class space    used 7206K, committed 7296K, reserved 1048576K
}
Event: 10.485 GC heap after
{Heap after GC invocations=31 (full 0):
 garbage-first heap   total 231424K, used 103862K [0x0000000704a00000, 0x0000000800000000)
  region size 2048K, 5 young (10240K), 5 survivors (10240K)
 Metaspace       used 63454K, committed 63680K, reserved 1114112K
  class space    used 7206K, committed 7296K, reserved 1048576K
}
Event: 15.150 GC heap before
{Heap before GC invocations=31 (full 0):
 garbage-first heap   total 231424K, used 183734K [0x0000000704a00000, 0x0000000800000000)
  region size 2048K, 44 young (90112K), 5 survivors (10240K)
 Metaspace       used 64963K, committed 65280K, reserved 1114112K
  class space    used 7284K, committed 7424K, reserved 1048576K
}
Event: 15.171 GC heap after
{Heap after GC invocations=32 (full 0):
 garbage-first heap   total 231424K, used 111991K [0x0000000704a00000, 0x0000000800000000)
  region size 2048K, 4 young (8192K), 4 survivors (8192K)
 Metaspace       used 64963K, committed 65280K, reserved 1114112K
  class space    used 7284K, committed 7424K, reserved 1048576K
}
Event: 18.370 GC heap before
{Heap before GC invocations=32 (full 0):
 garbage-first heap   total 231424K, used 185719K [0x0000000704a00000, 0x0000000800000000)
  region size 2048K, 40 young (81920K), 4 survivors (8192K)
 Metaspace       used 65420K, committed 65728K, reserved 1114112K
  class space    used 7296K, committed 7424K, reserved 1048576K
}
Event: 18.379 GC heap after
{Heap after GC invocations=33 (full 0):
 garbage-first heap   total 231424K, used 117522K [0x0000000704a00000, 0x0000000800000000)
  region size 2048K, 3 young (6144K), 3 survivors (6144K)
 Metaspace       used 65420K, committed 65728K, reserved 1114112K
  class space    used 7296K, committed 7424K, reserved 1048576K
}
Event: 19.631 GC heap before
{Heap before GC invocations=34 (full 0):
 garbage-first heap   total 231424K, used 187154K [0x0000000704a00000, 0x0000000800000000)
  region size 2048K, 37 young (75776K), 3 survivors (6144K)
 Metaspace       used 65567K, committed 65856K, reserved 1114112K
  class space    used 7300K, committed 7424K, reserved 1048576K
}
Event: 19.639 GC heap after
{Heap after GC invocations=35 (full 0):
 garbage-first heap   total 231424K, used 121669K [0x0000000704a00000, 0x0000000800000000)
  region size 2048K, 2 young (4096K), 2 survivors (4096K)
 Metaspace       used 65567K, committed 65856K, reserved 1114112K
  class space    used 7300K, committed 7424K, reserved 1048576K
}
Event: 19.722 GC heap before
{Heap before GC invocations=35 (full 0):
 garbage-first heap   total 231424K, used 127813K [0x0000000704a00000, 0x0000000800000000)
  region size 2048K, 5 young (10240K), 2 survivors (4096K)
 Metaspace       used 65578K, committed 65856K, reserved 1114112K
  class space    used 7300K, committed 7424K, reserved 1048576K
}
Event: 19.727 GC heap after
{Heap after GC invocations=36 (full 0):
 garbage-first heap   total 231424K, used 121880K [0x0000000704a00000, 0x0000000800000000)
  region size 2048K, 1 young (2048K), 1 survivors (2048K)
 Metaspace       used 65578K, committed 65856K, reserved 1114112K
  class space    used 7300K, committed 7424K, reserved 1048576K
}
Event: 20.981 GC heap before
{Heap before GC invocations=36 (full 0):
 garbage-first heap   total 231424K, used 187416K [0x0000000704a00000, 0x0000000800000000)
  region size 2048K, 33 young (67584K), 1 survivors (2048K)
 Metaspace       used 65821K, committed 66112K, reserved 1114112K
  class space    used 7306K, committed 7424K, reserved 1048576K
}

