# JRE version: OpenJDK Runtime Environment (17.0.10) (build 17.0.10+0--11572160)
# Java VM: OpenJDK 64-Bit Server VM (17.0.10+0--11572160, mixed mode, tiered, compressed oops, compressed class ptrs, g1 gc, windows-amd64)
GC Precious Log:
 CPUs: 8 total, 8 available
 Memory: 16083M
 Large Page Support: Disabled
 NUMA Support: Disabled
 Compressed Oops: Enabled (Zero based)
 Heap Region Size: 2M
 Heap Min Capacity: 8M
 Heap Initial Capacity: 252M
 Heap Max Capacity: 4022M
 Pre-touch: Disabled
 Parallel Workers: 8
 Concurrent Workers: 2
 Concurrent Refinement Workers: 8
 Periodic GC: Disabled
Heap:
 garbage-first heap   total 337920K, used 196899K [0x0000000704a00000, 0x0000000800000000)
  region size 2048K, 1 young (2048K), 1 survivors (2048K)
 Metaspace       used 68451K, committed 68800K, reserved 1114112K
  class space    used 7477K, committed 7680K, reserved 1048576K
GC Heap History (20 events):
Event: 24.328 GC heap after
{Heap after GC invocations=40 (full 0):
 garbage-first heap   total 321536K, used 149933K [0x0000000704a00000, 0x0000000800000000)
  region size 2048K, 4 young (8192K), 4 survivors (8192K)
 Metaspace       used 67813K, committed 68224K, reserved 1114112K
  class space    used 7472K, committed 7680K, reserved 1048576K
}
Event: 26.176 GC heap before
{Heap before GC invocations=40 (full 0):
 garbage-first heap   total 321536K, used 276909K [0x0000000704a00000, 0x0000000800000000)
  region size 2048K, 61 young (124928K), 4 survivors (8192K)
 Metaspace       used 67962K, committed 68352K, reserved 1114112K
  class space    used 7473K, committed 7680K, reserved 1048576K
}
Event: 26.187 GC heap after
{Heap after GC invocations=41 (full 0):
 garbage-first heap   total 321536K, used 165577K [0x0000000704a00000, 0x0000000800000000)
  region size 2048K, 7 young (14336K), 7 survivors (14336K)
 Metaspace       used 67962K, committed 68352K, reserved 1114112K
  class space    used 7473K, committed 7680K, reserved 1048576K
}
Event: 27.593 GC heap before
{Heap before GC invocations=41 (full 0):
 garbage-first heap   total 321536K, used 267977K [0x0000000704a00000, 0x0000000800000000)
  region size 2048K, 57 young (116736K), 7 survivors (14336K)
 Metaspace       used 68105K, committed 68480K, reserved 1114112K
  class space    used 7474K, committed 7680K, reserved 1048576K
}
Event: 27.607 GC heap after
{Heap after GC invocations=42 (full 0):
 garbage-first heap   total 321536K, used 171965K [0x0000000704a00000, 0x0000000800000000)
  region size 2048K, 7 young (14336K), 7 survivors (14336K)
 Metaspace       used 68105K, committed 68480K, reserved 1114112K
  class space    used 7474K, committed 7680K, reserved 1048576K
}
Event: 29.080 GC heap before
{Heap before GC invocations=43 (full 0):
 garbage-first heap   total 321536K, used 268221K [0x0000000704a00000, 0x0000000800000000)
  region size 2048K, 55 young (112640K), 7 survivors (14336K)
 Metaspace       used 68230K, committed 68608K, reserved 1114112K
  class space    used 7475K, committed 7680K, reserved 1048576K
}
Event: 29.093 GC heap after
{Heap after GC invocations=44 (full 0):
 garbage-first heap   total 321536K, used 176014K [0x0000000704a00000, 0x0000000800000000)
  region size 2048K, 7 young (14336K), 7 survivors (14336K)
 Metaspace       used 68230K, committed 68608K, reserved 1114112K
  class space    used 7475K, committed 7680K, reserved 1048576K
}
Event: 29.172 GC heap before
{Heap before GC invocations=44 (full 0):
 garbage-first heap   total 321536K, used 178062K [0x0000000704a00000, 0x0000000800000000)
  region size 2048K, 8 young (16384K), 7 survivors (14336K)
 Metaspace       used 68243K, committed 68608K, reserved 1114112K
  class space    used 7475K, committed 7680K, reserved 1048576K
}
Event: 29.185 GC heap after
{Heap after GC invocations=45 (full 0):
 garbage-first heap   total 321536K, used 176241K [0x0000000704a00000, 0x0000000800000000)
  region size 2048K, 1 young (2048K), 1 survivors (2048K)
 Metaspace       used 68243K, committed 68608K, reserved 1114112K
  class space    used 7475K, committed 7680K, reserved 1048576K
}
Event: 30.261 GC heap before
{Heap before GC invocations=45 (full 0):
 garbage-first heap   total 321536K, used 270449K [0x0000000704a00000, 0x0000000800000000)
  region size 2048K, 47 young (96256K), 1 survivors (2048K)
 Metaspace       used 68319K, committed 68672K, reserved 1114112K
  class space    used 7475K, committed 7680K, reserved 1048576K
}
Event: 30.267 GC heap after
{Heap after GC invocations=46 (full 0):
 garbage-first heap   total 321536K, used 181149K [0x0000000704a00000, 0x0000000800000000)
  region size 2048K, 4 young (8192K), 4 survivors (8192K)
 Metaspace       used 68319K, committed 68672K, reserved 1114112K
  class space    used 7475K, committed 7680K, reserved 1048576K
}
Event: 31.506 GC heap before
{Heap before GC invocations=47 (full 0):
 garbage-first heap   total 335872K, used 269213K [0x0000000704a00000, 0x0000000800000000)
  region size 2048K, 47 young (96256K), 4 survivors (8192K)
 Metaspace       used 68368K, committed 68736K, reserved 1114112K
  class space    used 7477K, committed 7680K, reserved 1048576K
}
Event: 31.533 GC heap after
{Heap after GC invocations=48 (full 0):
 garbage-first heap   total 335872K, used 187058K [0x0000000704a00000, 0x0000000800000000)
  region size 2048K, 6 young (12288K), 6 survivors (12288K)
 Metaspace       used 68368K, committed 68736K, reserved 1114112K
  class space    used 7477K, committed 7680K, reserved 1048576K
}
Event: 31.608 GC heap before
{Heap before GC invocations=48 (full 0):
 garbage-first heap   total 335872K, used 191154K [0x0000000704a00000, 0x0000000800000000)
  region size 2048K, 8 young (16384K), 6 survivors (12288K)
 Metaspace       used 68368K, committed 68736K, reserved 1114112K
  class space    used 7477K, committed 7680K, reserved 1048576K
}
Event: 31.654 GC heap after
{Heap after GC invocations=49 (full 0):
 garbage-first heap   total 335872K, used 187596K [0x0000000704a00000, 0x0000000800000000)
  region size 2048K, 1 young (2048K), 1 survivors (2048K)
 Metaspace       used 68368K, committed 68736K, reserved 1114112K
  class space    used 7477K, committed 7680K, reserved 1048576K
}
Event: 33.684 GC heap before
{Heap before GC invocations=49 (full 0):
 garbage-first heap   total 335872K, used 283852K [0x0000000704a00000, 0x0000000800000000)
  region size 2048K, 48 young (98304K), 1 survivors (2048K)
 Metaspace       used 68398K, committed 68800K, reserved 1114112K
  class space    used 7477K, committed 7680K, reserved 1048576K
}
Event: 33.700 GC heap after
{Heap after GC invocations=50 (full 0):
 garbage-first heap   total 335872K, used 191086K [0x0000000704a00000, 0x0000000800000000)
  region size 2048K, 3 young (6144K), 3 survivors (6144K)
 Metaspace       used 68398K, committed 68800K, reserved 1114112K
  class space    used 7477K, committed 7680K, reserved 1048576K
}
Event: 35.790 GC heap before
{Heap before GC invocations=51 (full 0):
 garbage-first heap   total 337920K, used 285294K [0x0000000704a00000, 0x0000000800000000)
  region size 2048K, 49 young (100352K), 3 survivors (6144K)
 Metaspace       used 68450K, committed 68800K, reserved 1114112K
  class space    used 7477K, committed 7680K, reserved 1048576K
}
Event: 35.817 GC heap after
{Heap after GC invocations=52 (full 0):
 garbage-first heap   total 337920K, used 196121K [0x0000000704a00000, 0x0000000800000000)
  region size 2048K, 6 young (12288K), 6 survivors (12288K)
 Metaspace       used 68450K, committed 68800K, reserved 1114112K
  class space    used 7477K, committed 7680K, reserved 1048576K
}
Event: 35.973 GC heap before
{Heap before GC invocations=52 (full 0):
 garbage-first heap   total 337920K, used 200217K [0x0000000704a00000, 0x0000000800000000)
  region size 2048K, 8 young (16384K), 6 survivors (12288K)
 Metaspace       used 68451K, committed 68800K, reserved 1114112K
  class space    used 7477K, committed 7680K, reserved 1048576K
}

